2020-01-28 18:53:14,358 [main] INFO PMCS - ******** Opening URL*********
2020-01-28 18:53:19,825 [main] INFO PMCS - ******** Providing login details*********
2020-01-28 18:53:20,248 [main] INFO PMCS - ******** started login*********
2020-01-28 18:53:34,756 [main] INFO PMCS - ******** Click on logout link*********
2020-01-28 18:53:38,901 [main] INFO PMCS - ******** Login Passed*********
2020-01-28 18:53:41,917 [main] INFO PMCS - ********closing browser********
2020-01-28 18:55:27,077 [main] INFO PMCS - ******** Opening URL*********
2020-01-28 18:55:29,085 [main] INFO PMCS - ******** Providing login details*********
2020-01-28 18:55:29,595 [main] INFO PMCS - ******** started login*********
2020-01-28 18:55:40,487 [main] INFO PMCS - ******** Click on logout link*********
2020-01-28 18:55:44,565 [main] INFO PMCS - ******** Login Passed*********
2020-01-28 18:55:47,581 [main] INFO PMCS - ********closing browser********
2020-01-28 19:01:33,712 [main] INFO PMCS - ******** Opening URL*********
2020-01-28 19:01:35,638 [main] INFO PMCS - ******** Providing login details*********
2020-01-28 19:01:36,232 [main] INFO PMCS - ******** started login*********
2020-01-28 19:01:50,119 [main] INFO PMCS - ******** Click on logout link*********
2020-01-28 19:01:54,229 [main] INFO PMCS - ******** Login Passed*********
2020-01-28 19:01:57,240 [main] INFO PMCS - ********closing browser********
2020-01-29 09:12:04,931 [main] INFO PMCS - ******** Opening URL*********
2020-01-29 09:12:05,146 [main] INFO PMCS - ******** Providing login details*********
2020-01-29 09:13:30,879 [main] INFO PMCS - ******** Opening URL*********
2020-01-29 09:13:31,093 [main] INFO PMCS - ******** Providing login details*********
2020-01-29 09:13:40,626 [main] INFO PMCS - ******** started login*********
2020-01-29 09:13:50,362 [main] INFO PMCS - ******** Click on logout link*********
2020-01-29 09:13:56,632 [main] INFO PMCS - ******** Login Passed*********
2020-01-29 09:13:59,640 [main] INFO PMCS - ********closing browser********
2020-01-29 09:18:06,571 [main] INFO PMCS - ******** Opening URL*********
2020-01-29 09:18:06,835 [main] INFO PMCS - ******** Providing login details*********
2020-01-29 09:18:16,384 [main] INFO PMCS - ******** started login*********
2020-01-29 09:18:25,985 [main] INFO PMCS - ******** Click on logout link*********
2020-01-29 09:18:30,470 [main] INFO PMCS - ******** Login Passed*********
2020-01-29 09:18:33,488 [main] INFO PMCS - ********closing browser********
2020-01-29 09:19:47,365 [main] INFO PMCS - ******** Opening URL*********
2020-01-29 09:19:47,542 [main] INFO PMCS - ******** Providing login details*********
2020-01-29 09:19:57,052 [main] INFO PMCS - ******** started login*********
2020-01-29 09:20:07,791 [main] INFO PMCS - ******** Click on logout link*********
2020-01-29 09:20:12,164 [main] INFO PMCS - ******** Login Passed*********
2020-01-29 09:20:15,176 [main] INFO PMCS - ********closing browser********
2020-01-29 09:21:08,466 [main] INFO PMCS - ******** Opening URL*********
2020-01-29 09:21:08,708 [main] INFO PMCS - ******** Providing login details*********
2020-01-29 09:21:19,091 [main] INFO PMCS - ******** started login*********
2020-01-29 09:21:35,121 [main] INFO PMCS - ******** Click on logout link*********
2020-01-29 09:21:39,072 [main] INFO PMCS - ******** Login Passed*********
2020-01-29 09:21:42,079 [main] INFO PMCS - ********closing browser********
2020-01-29 09:24:15,326 [main] INFO PMCS - ******** Opening URL*********
2020-01-29 09:24:15,512 [main] INFO PMCS - ******** Providing login details*********
2020-01-29 09:24:28,742 [main] INFO PMCS - ******** started login*********
2020-01-29 09:24:41,312 [main] INFO PMCS - ******** Click on logout link*********
2020-01-29 09:24:45,318 [main] INFO PMCS - ******** Login Passed*********
2020-01-29 09:24:48,325 [main] INFO PMCS - ********closing browser********
2020-01-29 09:59:26,947 [main] INFO PMCS - ******** Opening URL*********
2020-01-29 10:00:50,521 [main] INFO PMCS - ******** Opening URL*********
2020-01-29 10:01:50,598 [main] INFO PMCS - ******** Opening URL*********
2020-01-29 10:01:51,584 [main] INFO PMCS - ******** Providing login details*********
2020-01-29 10:02:13,254 [main] INFO PMCS - ******** started login*********
2020-01-29 10:02:33,987 [main] INFO PMCS - ******** Click on logout link*********
2020-01-29 10:02:42,582 [main] INFO PMCS - ******** Login Passed*********
2020-01-29 10:02:45,605 [main] INFO PMCS - ********closing browser********
2020-01-29 11:32:42,829 [main] INFO PMCS - ******** Opening URL*********
2020-01-29 11:32:43,148 [main] INFO PMCS - ******** Providing user name details*********
2020-01-29 11:33:03,274 [main] INFO PMCS - ******** Opening URL*********
2020-01-29 11:33:03,580 [main] INFO PMCS - ******** Providing user name details*********
2020-01-29 11:33:23,871 [main] INFO PMCS - ******** Opening URL*********
2020-01-29 11:33:24,128 [main] INFO PMCS - ******** Providing user name details*********
2020-01-29 11:53:52,103 [main] INFO PMCS - ******** Opening URL*********
2020-01-29 11:53:52,164 [main] INFO PMCS - ******** Providing user name details*********
2020-01-29 11:54:11,490 [main] INFO PMCS - ******** Opening URL*********
2020-01-29 11:54:11,550 [main] INFO PMCS - ******** Providing user name details*********
2020-01-29 11:54:30,918 [main] INFO PMCS - ******** Opening URL*********
2020-01-29 11:54:30,965 [main] INFO PMCS - ******** Providing user name details*********
2020-01-29 12:00:06,056 [main] INFO PMCS - ******** Opening URL*********
2020-01-29 12:00:06,128 [main] INFO PMCS - ******** Click on my account *********
2020-01-29 12:00:26,198 [main] INFO PMCS - ******** Opening URL*********
2020-01-29 12:00:26,253 [main] INFO PMCS - ******** Click on my account *********
2020-01-29 12:00:37,175 [main] INFO PMCS - ******** Providing user name details*********
2020-01-29 12:00:37,375 [main] INFO PMCS - ******** Providing user password details*********
2020-01-29 12:00:37,509 [main] INFO PMCS - ******** started login*********
2020-01-29 12:00:41,701 [main] INFO PMCS - ******** Login Passed*********
2020-01-29 12:00:46,402 [main] INFO PMCS - ******** Opening URL*********
2020-01-29 12:00:46,453 [main] INFO PMCS - ******** Click on my account *********
2020-01-29 13:17:24,007 [main] INFO PMCS - ******** Opening URL*********
2020-01-29 13:17:24,053 [main] INFO PMCS - ******** Click on my account *********
2020-01-29 15:34:11,630 [main] INFO PMCS - ******** Opening URL*********
2020-01-29 15:34:11,817 [main] INFO PMCS - ******** Providing login details*********
2020-01-29 15:38:41,555 [main] INFO PMCS - ******** Opening URL*********
2020-01-29 15:38:41,649 [main] INFO PMCS - ******** Providing login details*********
2020-01-29 15:41:02,874 [main] INFO PMCS - ******** Opening URL*********
2020-01-29 15:41:02,997 [main] INFO PMCS - ******** Providing login details*********
2020-01-29 15:42:51,522 [main] INFO PMCS - ******** Opening URL*********
2020-01-29 15:42:51,736 [main] INFO PMCS - ******** Providing login details*********
2020-01-29 15:44:44,610 [main] INFO PMCS - ******** Opening URL*********
2020-01-29 15:44:44,834 [main] INFO PMCS - ******** Providing login details*********
2020-01-29 15:44:56,423 [main] INFO PMCS - ******** started login*********
2020-01-29 15:45:06,303 [main] INFO PMCS - ******** Click on logout link*********
2020-01-29 15:45:10,235 [main] INFO PMCS - ******** Login Passed*********
2020-01-29 15:45:13,253 [main] INFO PMCS - ********closing browser********
2020-01-29 15:57:15,897 [main] INFO PMCS - ******** Opening URL*********
2020-01-29 15:57:16,219 [main] INFO PMCS - ******** Providing login details*********
2020-01-29 15:58:30,387 [main] INFO PMCS - ******** Opening URL*********
2020-01-29 15:58:30,741 [main] INFO PMCS - ******** Providing login details*********
2020-01-29 16:00:45,429 [main] INFO PMCS - ******** Opening URL*********
2020-01-29 16:00:45,728 [main] INFO PMCS - ******** Providing login details*********
2020-01-29 16:02:12,235 [main] INFO PMCS - ******** Opening URL*********
2020-01-29 16:02:12,355 [main] INFO PMCS - ******** Providing login details*********
2020-01-29 16:02:27,337 [main] INFO PMCS - ******** started login*********
2020-01-29 16:02:36,663 [main] INFO PMCS - ******** Click on logout link*********
2020-01-29 16:02:41,095 [main] INFO PMCS - ******** Login Passed*********
2020-01-29 16:02:44,121 [main] INFO PMCS - ********closing browser********
2020-01-29 16:03:21,567 [main] INFO PMCS - ******** Opening URL*********
2020-01-29 16:03:21,813 [main] INFO PMCS - ******** Click on my account *********
2020-01-29 16:03:41,285 [main] INFO PMCS - ******** Opening URL*********
2020-01-29 16:03:41,502 [main] INFO PMCS - ******** Click on my account *********
2020-01-29 16:04:01,741 [main] INFO PMCS - ******** Opening URL*********
2020-01-29 16:04:01,986 [main] INFO PMCS - ******** Click on my account *********
2020-01-29 16:04:13,450 [main] INFO PMCS - ******** Providing user name details*********
2020-01-29 16:04:13,668 [main] INFO PMCS - ******** Providing user password details*********
2020-01-29 16:04:13,871 [main] INFO PMCS - ******** started login*********
2020-01-29 16:04:18,197 [main] INFO PMCS - ******** Login Passed*********
2020-01-29 16:05:52,642 [main] INFO PMCS - ******** Opening URL*********
2020-01-29 16:05:52,752 [main] INFO PMCS - ******** Providing login details*********
2020-01-29 16:06:03,900 [main] INFO PMCS - ******** started login*********
2020-01-29 16:06:13,580 [main] INFO PMCS - ******** Click on logout link*********
2020-01-29 16:06:17,611 [main] INFO PMCS - ******** Login Passed*********
2020-01-29 16:06:20,631 [main] INFO PMCS - ********closing browser********
2020-01-29 16:09:13,048 [main] INFO PMCS - ******** Opening URL*********
2020-01-29 16:09:13,136 [main] INFO PMCS - ******** Providing login details*********
2020-01-29 16:09:25,960 [main] INFO PMCS - ******** started login*********
2020-01-29 16:09:35,343 [main] INFO PMCS - ******** Click on logout link*********
2020-01-29 16:09:39,646 [main] INFO PMCS - ******** Login Passed*********
2020-01-29 16:09:42,657 [main] INFO PMCS - ********closing browser********
2020-01-29 16:15:34,396 [main] INFO PMCS - ******** Opening URL*********
2020-01-29 16:15:34,469 [main] INFO PMCS - ******** Providing login details*********
2020-01-29 16:15:45,139 [main] INFO PMCS - ******** started login*********
2020-01-29 16:15:55,851 [main] INFO PMCS - ******** Click on logout link*********
2020-01-29 16:16:00,035 [main] INFO PMCS - ******** Login Passed*********
2020-01-29 16:16:03,062 [main] INFO PMCS - ********closing browser********
2020-01-29 16:17:21,630 [main] INFO PMCS - ******** Opening URL*********
2020-01-29 16:17:21,677 [main] INFO PMCS - ******** Providing login details*********
2020-01-29 16:17:31,219 [main] INFO PMCS - ******** started login*********
2020-01-29 16:17:40,703 [main] INFO PMCS - ******** Click on logout link*********
2020-01-29 16:17:44,603 [main] INFO PMCS - ******** Login Passed*********
2020-01-29 16:17:47,619 [main] INFO PMCS - ********closing browser********
2020-01-29 16:19:56,281 [main] INFO PMCS - ******** Opening URL*********
2020-01-29 16:19:56,380 [main] INFO PMCS - ******** Providing login details*********
2020-01-29 16:20:05,530 [main] INFO PMCS - ******** started login*********
2020-01-29 16:20:15,573 [main] INFO PMCS - ******** Click on logout link*********
2020-01-29 16:20:19,824 [main] INFO PMCS - ******** Login Passed*********
2020-01-29 16:20:22,841 [main] INFO PMCS - ********closing browser********
2020-01-29 16:24:15,077 [main] INFO PMCS - ******** Opening URL*********
2020-01-29 16:24:15,165 [main] INFO PMCS - ******** Providing login details*********
2020-01-29 16:24:24,002 [main] INFO PMCS - ******** started login*********
2020-01-29 16:24:33,377 [main] INFO PMCS - ******** Click on logout link*********
2020-01-29 16:24:37,486 [main] INFO PMCS - ******** Login Passed*********
2020-01-29 16:24:40,511 [main] INFO PMCS - ********closing browser********
2020-01-29 19:01:11,742 [main] INFO PMCS - ******** Opening URL*********
2020-01-29 19:01:13,806 [main] INFO PMCS - ******** Click on my account *********
2020-01-29 19:01:19,108 [main] INFO PMCS - ******** Providing user name details*********
2020-01-29 19:01:19,363 [main] INFO PMCS - ******** Providing user password details*********
2020-01-29 19:01:19,467 [main] INFO PMCS - ******** started login*********
2020-01-29 19:01:24,310 [main] INFO PMCS - ******** Login Passed*********
2020-01-29 19:01:30,917 [main] INFO PMCS - ******** Opening URL*********
2020-01-29 19:01:33,449 [main] INFO PMCS - ******** Click on my account *********
2020-01-29 19:01:35,051 [main] INFO PMCS - ******** Providing user name details*********
2020-01-29 19:01:35,221 [main] INFO PMCS - ******** Providing user password details*********
2020-01-29 19:01:35,327 [main] INFO PMCS - ******** started login*********
2020-01-29 19:01:40,176 [main] INFO PMCS - ******** Login Passed*********
2020-01-29 19:01:46,128 [main] INFO PMCS - ******** Opening URL*********
2020-01-29 19:01:48,644 [main] INFO PMCS - ******** Click on my account *********
2020-01-29 19:01:50,276 [main] INFO PMCS - ******** Providing user name details*********
2020-01-29 19:01:50,434 [main] INFO PMCS - ******** Providing user password details*********
2020-01-29 19:01:50,531 [main] INFO PMCS - ******** started login*********
2020-01-29 19:01:55,274 [main] INFO PMCS - ******** Login Passed*********
2020-01-29 19:05:27,737 [main] INFO PMCS - ******** Opening URL*********
2020-01-29 19:05:29,831 [main] INFO PMCS - ******** Click on my account *********
2020-01-29 19:05:31,403 [main] INFO PMCS - ******** Providing user name details*********
2020-01-29 19:05:31,557 [main] INFO PMCS - ******** Providing user password details*********
2020-01-29 19:05:31,651 [main] INFO PMCS - ******** started login*********
2020-01-29 19:05:36,550 [main] INFO PMCS - ******** Login Passed*********
2020-01-29 19:05:44,033 [main] INFO PMCS - ******** Opening URL*********
2020-01-29 19:05:46,498 [main] INFO PMCS - ******** Click on my account *********
2020-01-29 19:05:48,231 [main] INFO PMCS - ******** Providing user name details*********
2020-01-29 19:05:48,386 [main] INFO PMCS - ******** Providing user password details*********
2020-01-29 19:05:48,490 [main] INFO PMCS - ******** started login*********
2020-01-29 19:05:53,511 [main] INFO PMCS - ******** Login Passed*********
2020-01-29 19:05:59,838 [main] INFO PMCS - ******** Opening URL*********
2020-01-29 19:06:01,970 [main] INFO PMCS - ******** Click on my account *********
2020-01-29 19:06:03,724 [main] INFO PMCS - ******** Providing user name details*********
2020-01-29 19:06:03,934 [main] INFO PMCS - ******** Providing user password details*********
2020-01-29 19:06:04,091 [main] INFO PMCS - ******** started login*********
2020-01-29 19:06:08,927 [main] INFO PMCS - ******** Login Passed*********
2020-01-29 22:02:31,790 [main] INFO PMCS - ******** Opening URL*********
2020-01-29 22:02:50,877 [main] INFO PMCS - ******** Opening URL*********
2020-01-29 22:03:09,726 [main] INFO PMCS - ******** Opening URL*********
2020-01-29 22:07:53,140 [main] INFO PMCS - ******** Opening URL*********
2020-01-29 22:07:53,854 [main] INFO PMCS - ******** Providing login details*********
2020-01-29 22:07:54,097 [main] INFO PMCS - ******** started login*********
2020-01-29 22:08:04,623 [main] INFO PMCS - ******** Click on logout link*********
2020-01-29 22:08:08,651 [main] INFO PMCS - ******** Login Passed*********
2020-01-29 22:08:11,677 [main] INFO PMCS - ********closing browser********
2020-01-29 22:08:17,369 [main] INFO PMCS - ******** Opening URL*********
2020-01-29 22:08:19,345 [main] INFO PMCS - ******** Click on my account *********
2020-01-29 22:08:20,674 [main] INFO PMCS - ******** Providing user name details*********
2020-01-29 22:08:20,808 [main] INFO PMCS - ******** Providing user password details*********
2020-01-29 22:08:20,888 [main] INFO PMCS - ******** started login*********
2020-01-29 22:08:25,306 [main] INFO PMCS - ********closing browser********
2020-01-29 22:08:31,114 [main] INFO PMCS - ******** Opening URL*********
2020-01-29 22:08:33,026 [main] INFO PMCS - ******** Click on my account *********
2020-01-29 22:08:34,591 [main] INFO PMCS - ******** Providing user name details*********
2020-01-29 22:08:34,752 [main] INFO PMCS - ******** Providing user password details*********
2020-01-29 22:08:34,854 [main] INFO PMCS - ******** started login*********
2020-01-29 22:08:39,370 [main] INFO PMCS - ********closing browser********
2020-01-29 22:08:44,942 [main] INFO PMCS - ******** Opening URL*********
2020-01-29 22:08:46,689 [main] INFO PMCS - ******** Click on my account *********
2020-01-29 22:08:48,048 [main] INFO PMCS - ******** Providing user name details*********
2020-01-29 22:08:48,222 [main] INFO PMCS - ******** Providing user password details*********
2020-01-29 22:08:48,313 [main] INFO PMCS - ******** started login*********
2020-01-29 22:08:52,660 [main] INFO PMCS - ********closing browser********
2020-01-29 22:15:29,943 [main] INFO PMCS - ******** Opening URL*********
2020-01-29 22:15:34,518 [main] INFO PMCS - ******** Click on my account *********
2020-01-29 22:15:35,980 [main] INFO PMCS - ******** Providing user name details*********
2020-01-29 22:15:36,115 [main] INFO PMCS - ******** Providing user password details*********
2020-01-29 22:15:36,204 [main] INFO PMCS - ******** started login*********
2020-01-29 22:15:40,770 [main] INFO PMCS - ******** Login Passed*********
2020-01-29 22:15:45,425 [main] INFO PMCS - ******** Opening URL*********
2020-01-29 22:15:47,914 [main] INFO PMCS - ******** Click on my account *********
2020-01-29 22:15:49,327 [main] INFO PMCS - ******** Providing user name details*********
2020-01-29 22:15:49,553 [main] INFO PMCS - ******** Providing user password details*********
2020-01-29 22:15:49,684 [main] INFO PMCS - ******** started login*********
2020-01-29 22:15:54,656 [main] INFO PMCS - ******** Login Passed*********
2020-01-29 22:16:00,163 [main] INFO PMCS - ******** Opening URL*********
2020-01-29 22:16:02,736 [main] INFO PMCS - ******** Click on my account *********
2020-01-29 22:16:04,389 [main] INFO PMCS - ******** Providing user name details*********
2020-01-29 22:16:04,567 [main] INFO PMCS - ******** Providing user password details*********
2020-01-29 22:16:04,656 [main] INFO PMCS - ******** started login*********
2020-01-29 22:16:09,067 [main] INFO PMCS - ******** Login Passed*********
2020-01-29 22:28:59,402 [main] INFO PMCS - ******** I am a chrome browser*********
2020-01-29 22:29:00,956 [main] INFO PMCS - ******** Opening URL*********
2020-01-29 22:29:02,761 [main] INFO PMCS - ******** Click on my account *********
2020-01-29 22:29:07,908 [main] INFO PMCS - ******** Providing user name details*********
2020-01-29 22:29:08,054 [main] INFO PMCS - ******** Providing user password details*********
2020-01-29 22:29:08,141 [main] INFO PMCS - ******** started login*********
2020-01-29 22:29:13,221 [main] INFO PMCS - ******** Login Passed*********
2020-01-29 22:29:16,237 [main] INFO PMCS - ********closing browser********
2020-01-29 22:29:24,360 [main] INFO PMCS - ******** I am a chrome browser*********
2020-01-29 22:29:25,680 [main] INFO PMCS - ******** Opening URL*********
2020-01-29 22:29:32,878 [main] INFO PMCS - ******** Click on my account *********
2020-01-29 22:29:34,787 [main] INFO PMCS - ******** Providing user name details*********
2020-01-29 22:29:34,930 [main] INFO PMCS - ******** Providing user password details*********
2020-01-29 22:29:35,021 [main] INFO PMCS - ******** started login*********
2020-01-29 22:29:39,871 [main] INFO PMCS - ******** Login Passed*********
2020-01-29 22:29:42,894 [main] INFO PMCS - ********closing browser********
2020-01-29 22:29:48,237 [main] INFO PMCS - ******** I am a chrome browser*********
2020-01-29 22:29:49,588 [main] INFO PMCS - ******** Opening URL*********
2020-01-29 22:29:53,485 [main] INFO PMCS - ******** Click on my account *********
2020-01-29 22:29:55,156 [main] INFO PMCS - ******** Providing user name details*********
2020-01-29 22:29:55,310 [main] INFO PMCS - ******** Providing user password details*********
2020-01-29 22:29:55,397 [main] INFO PMCS - ******** started login*********
2020-01-29 22:30:00,663 [main] INFO PMCS - ******** Login Passed*********
2020-01-29 22:30:03,687 [main] INFO PMCS - ********closing browser********
2020-02-01 14:18:52,447 [main] INFO PMCS - ******** I am a chrome browser*********
2020-02-01 14:18:53,845 [main] INFO PMCS - ******** Opening URL*********
2020-02-01 14:18:56,791 [main] INFO PMCS - ******** Providing login details*********
2020-02-01 14:18:57,106 [main] INFO PMCS - ******** started login*********
2020-02-01 14:19:10,187 [main] INFO PMCS - ******** Click on logout link*********
2020-02-01 14:19:14,099 [main] INFO PMCS - ******** Login Passed*********
2020-02-01 14:19:17,111 [main] INFO PMCS - ********closing browser********
2020-02-01 14:19:29,652 [main] INFO PMCS - ******** I am a chrome browser*********
2020-02-01 14:19:31,506 [main] INFO PMCS - ******** Opening URL*********
2020-02-01 14:19:35,216 [main] INFO PMCS - ******** Click on my account *********
2020-02-01 14:19:37,281 [main] INFO PMCS - ******** Providing user name details*********
2020-02-01 14:19:37,546 [main] INFO PMCS - ******** Providing user password details*********
2020-02-01 14:19:37,659 [main] INFO PMCS - ******** started login*********
2020-02-01 14:19:44,084 [main] INFO PMCS - ******** Login SuccessFully*********
2020-02-01 14:19:47,087 [main] INFO PMCS - ********closing browser********
2020-02-01 14:19:54,839 [main] INFO PMCS - ******** I am a chrome browser*********
2020-02-01 14:19:56,733 [main] INFO PMCS - ******** Opening URL*********
2020-02-01 14:20:04,060 [main] INFO PMCS - ******** Click on my account *********
2020-02-01 14:20:05,090 [main] INFO PMCS - ******** Providing user name details*********
2020-02-01 14:20:05,317 [main] INFO PMCS - ******** Providing user password details*********
2020-02-01 14:20:05,431 [main] INFO PMCS - ******** started login*********
2020-02-01 14:20:09,459 [main] INFO PMCS - ******** Login SuccessFully*********
2020-02-01 14:20:12,464 [main] INFO PMCS - ********closing browser********
2020-02-01 14:20:16,163 [main] INFO PMCS - ******** I am a chrome browser*********
2020-02-01 14:20:17,457 [main] INFO PMCS - ******** Opening URL*********
2020-02-01 14:20:18,928 [main] INFO PMCS - ******** Click on my account *********
2020-02-01 14:20:19,851 [main] INFO PMCS - ******** Providing user name details*********
2020-02-01 14:20:20,072 [main] INFO PMCS - ******** Providing user password details*********
2020-02-01 14:20:20,193 [main] INFO PMCS - ******** started login*********
2020-02-01 14:20:24,436 [main] INFO PMCS - ******** Login SuccessFully*********
2020-02-01 14:20:27,438 [main] INFO PMCS - ********closing browser********
2020-02-02 13:32:46,347 [main] INFO PMCS - ******** I am a chrome browser*********
2020-02-02 13:32:47,629 [main] INFO PMCS - ******** Opening URL*********
2020-02-02 13:32:49,574 [main] INFO PMCS - ******** Providing login details*********
2020-02-02 13:32:49,884 [main] INFO PMCS - ******** started login*********
2020-02-02 13:33:13,830 [main] INFO PMCS - ******** Click on logout link*********
2020-02-02 13:33:17,868 [main] INFO PMCS - ******** Login Passed*********
2020-02-02 13:33:20,887 [main] INFO PMCS - ********closing browser********
2020-02-02 13:33:25,780 [main] INFO PMCS - ******** I am a chrome browser*********
2020-02-02 13:33:26,944 [main] INFO PMCS - ******** Opening URL*********
2020-02-02 13:33:29,087 [main] INFO PMCS - ******** Click on my account *********
2020-02-02 13:33:29,917 [main] INFO PMCS - ******** Providing user name details*********
2020-02-02 13:33:30,141 [main] INFO PMCS - ******** Providing user password details*********
2020-02-02 13:33:30,252 [main] INFO PMCS - ******** started login*********
2020-02-02 13:33:34,643 [main] INFO PMCS - ******** Login SuccessFully*********
2020-02-02 13:33:37,645 [main] INFO PMCS - ********closing browser********
2020-02-02 13:33:41,206 [main] INFO PMCS - ******** I am a chrome browser*********
2020-02-02 13:33:42,427 [main] INFO PMCS - ******** Opening URL*********
2020-02-02 13:33:44,387 [main] INFO PMCS - ******** Click on my account *********
2020-02-02 13:33:45,615 [main] INFO PMCS - ******** Providing user name details*********
2020-02-02 13:33:45,838 [main] INFO PMCS - ******** Providing user password details*********
2020-02-02 13:33:45,952 [main] INFO PMCS - ******** started login*********
2020-02-02 13:33:50,091 [main] INFO PMCS - ******** Login SuccessFully*********
2020-02-02 13:33:53,096 [main] INFO PMCS - ********closing browser********
2020-02-02 13:33:57,064 [main] INFO PMCS - ******** I am a chrome browser*********
2020-02-02 13:33:58,235 [main] INFO PMCS - ******** Opening URL*********
2020-02-02 13:34:00,200 [main] INFO PMCS - ******** Click on my account *********
2020-02-02 13:34:01,126 [main] INFO PMCS - ******** Providing user name details*********
2020-02-02 13:34:01,334 [main] INFO PMCS - ******** Providing user password details*********
2020-02-02 13:34:01,449 [main] INFO PMCS - ******** started login*********
2020-02-02 13:34:05,601 [main] INFO PMCS - ******** Login SuccessFully*********
2020-02-02 13:34:08,606 [main] INFO PMCS - ********closing browser********
2020-02-13 22:12:57,502 [main] INFO PMCS - ******** I am a chrome browser*********
2020-02-13 22:12:58,761 [main] INFO PMCS - ******** Opening URL*********
2020-02-13 22:13:00,537 [main] INFO PMCS - ******** Providing login details*********
2020-02-13 22:13:00,823 [main] INFO PMCS - ******** started login*********
2020-02-13 22:13:06,359 [main] INFO PMCS - ******** I am a chrome browser*********
2020-02-13 22:13:07,458 [main] INFO PMCS - ******** Opening URL*********
2020-02-13 22:13:08,373 [main] INFO PMCS - ******** Click on my account *********
2020-02-13 22:13:10,601 [main] INFO PMCS - ******** I am a chrome browser*********
2020-02-13 22:13:11,728 [main] INFO PMCS - ******** Opening URL*********
2020-02-13 22:13:14,745 [main] INFO PMCS - ******** I am a chrome browser*********
2020-02-13 22:13:15,935 [main] INFO PMCS - ******** Opening URL*********
2020-02-13 22:13:16,752 [main] INFO PMCS - ******** Click on my account *********
2020-02-13 22:13:41,730 [main] INFO PMCS - ******** I am a chrome browser*********
2020-02-13 22:13:43,072 [main] INFO PMCS - ******** Opening URL*********
2020-02-13 22:13:44,510 [main] INFO PMCS - ******** Providing login details*********
2020-02-13 22:13:44,791 [main] INFO PMCS - ******** started login*********
2020-02-13 22:13:56,356 [main] INFO PMCS - ******** Click on logout link*********
2020-02-13 22:14:00,542 [main] INFO PMCS - ******** Login Passed*********
2020-02-13 22:14:03,550 [main] INFO PMCS - ********closing browser********
2020-02-13 22:14:06,297 [main] INFO PMCS - ******** I am a chrome browser*********
2020-02-13 22:14:07,562 [main] INFO PMCS - ******** Opening URL*********
2020-02-13 22:14:09,126 [main] INFO PMCS - ******** Click on my account *********
2020-02-13 22:14:10,512 [main] INFO PMCS - ******** Providing user name details*********
2020-02-13 22:14:10,770 [main] INFO PMCS - ******** Providing user password details*********
2020-02-13 22:14:10,881 [main] INFO PMCS - ******** started login*********
2020-02-13 22:14:16,224 [main] INFO PMCS - ******** Login SuccessFully*********
2020-02-13 22:14:19,227 [main] INFO PMCS - ********closing browser********
2020-02-13 22:14:34,989 [main] INFO PMCS - ******** I am a chrome browser*********
2020-02-13 22:14:36,387 [main] INFO PMCS - ******** Opening URL*********
2020-02-13 22:14:37,876 [main] INFO PMCS - ******** Click on my account *********
2020-02-13 22:14:38,780 [main] INFO PMCS - ******** Providing user name details*********
2020-02-13 22:14:39,000 [main] INFO PMCS - ******** Providing user password details*********
2020-02-13 22:14:39,102 [main] INFO PMCS - ******** started login*********
2020-02-13 22:14:43,016 [main] INFO PMCS - ******** Login SuccessFully*********
2020-02-13 22:14:46,020 [main] INFO PMCS - ********closing browser********
2020-02-13 22:14:48,659 [main] INFO PMCS - ******** I am a chrome browser*********
2020-02-13 22:14:49,754 [main] INFO PMCS - ******** Opening URL*********
2020-02-13 22:14:50,980 [main] INFO PMCS - ******** Click on my account *********
2020-02-13 22:14:51,904 [main] INFO PMCS - ******** Providing user name details*********
2020-02-13 22:14:52,102 [main] INFO PMCS - ******** Providing user password details*********
2020-02-13 22:14:52,210 [main] INFO PMCS - ******** started login*********
2020-02-13 22:14:56,096 [main] INFO PMCS - ******** Login SuccessFully*********
2020-02-13 22:14:59,097 [main] INFO PMCS - ********closing browser********
2020-02-13 22:16:06,149 [main] INFO PMCS - ******** I am a chrome browser*********
2020-02-13 22:16:07,362 [main] INFO PMCS - ******** Opening URL*********
2020-02-13 22:16:08,534 [main] INFO PMCS - ******** Providing login details*********
2020-02-13 22:16:08,794 [main] INFO PMCS - ******** started login*********
2020-02-13 22:16:19,826 [main] INFO PMCS - ******** Click on logout link*********
2020-02-13 22:16:24,701 [main] INFO PMCS - ******** Login Passed*********
2020-02-13 22:16:27,709 [main] INFO PMCS - ********closing browser********
2020-02-13 22:16:31,652 [main] INFO PMCS - ******** I am a chrome browser*********
2020-02-13 22:16:32,709 [main] INFO PMCS - ******** Opening URL*********
2020-02-13 22:16:34,184 [main] INFO PMCS - ******** Click on my account *********
2020-02-13 22:16:35,146 [main] INFO PMCS - ******** Providing user name details*********
2020-02-13 22:16:35,356 [main] INFO PMCS - ******** Providing user password details*********
2020-02-13 22:16:35,452 [main] INFO PMCS - ******** started login*********
2020-02-13 22:16:41,057 [main] INFO PMCS - ******** Login SuccessFully*********
2020-02-13 22:16:44,059 [main] INFO PMCS - ********closing browser********
2020-02-13 22:16:47,033 [main] INFO PMCS - ******** I am a chrome browser*********
2020-02-13 22:16:48,098 [main] INFO PMCS - ******** Opening URL*********
2020-02-13 22:16:49,881 [main] INFO PMCS - ******** Click on my account *********
2020-02-13 22:16:50,737 [main] INFO PMCS - ******** Providing user name details*********
2020-02-13 22:16:50,978 [main] INFO PMCS - ******** Providing user password details*********
2020-02-13 22:16:51,088 [main] INFO PMCS - ******** started login*********
2020-02-13 22:16:55,088 [main] INFO PMCS - ******** Login SuccessFully*********
2020-02-13 22:16:58,090 [main] INFO PMCS - ********closing browser********
2020-02-13 22:17:00,978 [main] INFO PMCS - ******** I am a chrome browser*********
2020-02-13 22:17:02,026 [main] INFO PMCS - ******** Opening URL*********
2020-02-13 22:17:06,476 [main] INFO PMCS - ******** Click on my account *********
2020-02-13 22:17:07,233 [main] INFO PMCS - ******** Providing user name details*********
2020-02-13 22:17:07,432 [main] INFO PMCS - ******** Providing user password details*********
2020-02-13 22:17:07,524 [main] INFO PMCS - ******** started login*********
2020-02-13 22:17:11,724 [main] INFO PMCS - ******** Login SuccessFully*********
2020-02-13 22:17:14,726 [main] INFO PMCS - ********closing browser********
2020-02-13 22:22:09,140 [main] INFO PMCS - ******** I am a chrome browser*********
2020-02-13 22:22:10,354 [main] INFO PMCS - ******** Opening URL*********
2020-02-13 22:22:12,517 [main] INFO PMCS - ******** Providing login details*********
2020-02-13 22:22:12,763 [main] INFO PMCS - ******** started login*********
2020-02-13 22:22:21,883 [main] INFO PMCS - ******** Click on logout link*********
2020-02-13 22:22:26,479 [main] INFO PMCS - ******** Login Passed*********
2020-02-13 22:22:29,490 [main] INFO PMCS - ********closing browser********
2020-02-13 22:22:31,971 [main] INFO PMCS - ******** I am a chrome browser*********
2020-02-13 22:22:33,023 [main] INFO PMCS - ******** Opening URL*********
2020-02-13 22:22:34,401 [main] INFO PMCS - ******** Click on my account *********
2020-02-13 22:22:35,169 [main] INFO PMCS - ******** Providing user name details*********
2020-02-13 22:22:35,383 [main] INFO PMCS - ******** Providing user password details*********
2020-02-13 22:22:35,478 [main] INFO PMCS - ******** started login*********
2020-02-13 22:22:39,397 [main] INFO PMCS - ******** Login SuccessFully*********
2020-02-13 22:22:42,404 [main] INFO PMCS - ********closing browser********
2020-02-13 22:22:44,858 [main] INFO PMCS - ******** I am a chrome browser*********
2020-02-13 22:22:45,894 [main] INFO PMCS - ******** Opening URL*********
2020-02-13 22:22:47,178 [main] INFO PMCS - ******** Click on my account *********
2020-02-13 22:22:48,063 [main] INFO PMCS - ******** Providing user name details*********
2020-02-13 22:22:48,271 [main] INFO PMCS - ******** Providing user password details*********
2020-02-13 22:22:48,366 [main] INFO PMCS - ******** started login*********
2020-02-13 22:22:53,441 [main] INFO PMCS - ******** Login SuccessFully*********
2020-02-13 22:22:56,443 [main] INFO PMCS - ********closing browser********
2020-02-13 22:22:58,784 [main] INFO PMCS - ******** I am a chrome browser*********
2020-02-13 22:22:59,861 [main] INFO PMCS - ******** Opening URL*********
2020-02-13 22:23:01,594 [main] INFO PMCS - ******** Click on my account *********
2020-02-13 22:23:02,530 [main] INFO PMCS - ******** Providing user name details*********
2020-02-13 22:23:02,724 [main] INFO PMCS - ******** Providing user password details*********
2020-02-13 22:23:02,816 [main] INFO PMCS - ******** started login*********
2020-02-13 22:23:07,061 [main] INFO PMCS - ******** Login SuccessFully*********
2020-02-13 22:23:10,062 [main] INFO PMCS - ********closing browser********
2020-02-13 22:27:00,158 [main] INFO PMCS - ******** I am a chrome browser*********
2020-02-13 22:27:06,925 [main] INFO PMCS - ******** Opening URL*********
2020-02-13 22:27:07,257 [main] INFO PMCS - ******** Providing login details*********
2020-02-13 22:27:07,547 [main] INFO PMCS - ******** started login*********
2020-02-13 22:27:19,732 [main] INFO PMCS - ******** Click on logout link*********
2020-02-13 22:27:23,741 [main] INFO PMCS - ******** Login Passed*********
2020-02-13 22:27:26,819 [main] INFO PMCS - ********closing browser********
2020-02-13 22:27:27,093 [main] INFO PMCS - ******** I am a chrome browser*********
2020-02-13 22:27:32,252 [main] INFO PMCS - ******** Opening URL*********
2020-02-13 22:27:34,381 [main] INFO PMCS - ******** Click on my account *********
2020-02-13 22:27:35,241 [main] INFO PMCS - ******** Providing user name details*********
2020-02-13 22:27:35,434 [main] INFO PMCS - ******** Providing user password details*********
2020-02-13 22:27:35,522 [main] INFO PMCS - ******** started login*********
2020-02-13 22:27:39,670 [main] INFO PMCS - ******** Login SuccessFully*********
2020-02-13 22:27:42,742 [main] INFO PMCS - ********closing browser********
2020-02-13 22:27:42,908 [main] INFO PMCS - ******** I am a chrome browser*********
2020-02-13 22:27:48,426 [main] INFO PMCS - ******** Opening URL*********
2020-02-13 22:27:50,951 [main] INFO PMCS - ******** Click on my account *********
2020-02-13 22:27:53,018 [main] INFO PMCS - ******** Providing user name details*********
2020-02-13 22:27:53,244 [main] INFO PMCS - ******** Providing user password details*********
2020-02-13 22:27:53,349 [main] INFO PMCS - ******** started login*********
2020-02-13 22:27:57,402 [main] INFO PMCS - ******** Login SuccessFully*********
2020-02-13 22:28:00,475 [main] INFO PMCS - ********closing browser********
2020-02-13 22:28:00,575 [main] INFO PMCS - ******** I am a chrome browser*********
2020-02-13 22:28:05,416 [main] INFO PMCS - ******** Opening URL*********
2020-02-13 22:28:09,376 [main] INFO PMCS - ******** Click on my account *********
2020-02-13 22:28:11,297 [main] INFO PMCS - ******** Providing user name details*********
2020-02-13 22:28:11,488 [main] INFO PMCS - ******** Providing user password details*********
2020-02-13 22:28:11,591 [main] INFO PMCS - ******** started login*********
2020-02-13 22:28:16,948 [main] INFO PMCS - ******** Login SuccessFully*********
2020-02-13 22:28:19,983 [main] INFO PMCS - ********closing browser********
2020-02-13 22:30:05,171 [main] INFO PMCS - ******** I am a chrome browser*********
2020-02-13 22:30:09,946 [main] INFO PMCS - ******** Opening URL*********
2020-02-13 22:30:10,560 [main] INFO PMCS - ******** Providing login details*********
2020-02-13 22:30:10,809 [main] INFO PMCS - ******** started login*********
2020-02-13 22:30:23,166 [main] INFO PMCS - ******** Click on logout link*********
2020-02-13 22:30:27,068 [main] INFO PMCS - ******** Login Passed*********
2020-02-13 22:30:30,148 [main] INFO PMCS - ********closing browser********
2020-02-13 22:30:30,400 [main] INFO PMCS - ******** I am a chrome browser*********
2020-02-13 22:30:52,901 [main] INFO PMCS - ******** Opening URL*********
2020-02-13 22:30:54,689 [main] INFO PMCS - ******** Click on my account *********
2020-02-13 22:30:56,262 [main] INFO PMCS - ******** Providing user name details*********
2020-02-13 22:30:56,460 [main] INFO PMCS - ******** Providing user password details*********
2020-02-13 22:30:56,555 [main] INFO PMCS - ******** started login*********
2020-02-13 22:31:00,587 [main] INFO PMCS - ******** Login SuccessFully*********
2020-02-13 22:31:03,649 [main] INFO PMCS - ********closing browser********
2020-02-13 22:31:03,834 [main] INFO PMCS - ******** I am a chrome browser*********
2020-02-13 22:31:08,041 [main] INFO PMCS - ******** Opening URL*********
2020-02-13 22:31:09,896 [main] INFO PMCS - ******** Click on my account *********
2020-02-13 22:31:10,789 [main] INFO PMCS - ******** Providing user name details*********
2020-02-13 22:31:10,984 [main] INFO PMCS - ******** Providing user password details*********
2020-02-13 22:31:11,125 [main] INFO PMCS - ******** started login*********
2020-02-13 22:31:17,213 [main] INFO PMCS - ******** Login SuccessFully*********
2020-02-13 22:31:20,275 [main] INFO PMCS - ********closing browser********
2020-02-13 22:31:20,435 [main] INFO PMCS - ******** I am a chrome browser*********
2020-02-13 22:31:24,644 [main] INFO PMCS - ******** Opening URL*********
2020-02-13 22:31:26,646 [main] INFO PMCS - ******** Click on my account *********
2020-02-13 22:31:27,572 [main] INFO PMCS - ******** Providing user name details*********
2020-02-13 22:31:27,766 [main] INFO PMCS - ******** Providing user password details*********
2020-02-13 22:31:27,868 [main] INFO PMCS - ******** started login*********
2020-02-13 22:31:31,835 [main] INFO PMCS - ******** Login SuccessFully*********
2020-02-13 22:31:34,903 [main] INFO PMCS - ********closing browser********
2020-02-13 22:34:49,524 [main] INFO PMCS - ******** I am a chrome browser*********
2020-02-13 22:34:50,954 [main] INFO PMCS - ******** Opening URL*********
2020-02-13 22:35:01,064 [main] INFO PMCS - ******** I am a chrome browser*********
2020-02-13 22:35:02,483 [main] INFO PMCS - ******** Opening URL*********
2020-02-13 22:35:06,786 [main] INFO PMCS - ******** Click on my account *********
2020-02-13 22:35:07,933 [main] INFO PMCS - ******** Providing user name details*********
2020-02-13 22:35:08,119 [main] INFO PMCS - ******** Providing user password details*********
2020-02-13 22:35:08,212 [main] INFO PMCS - ******** started login*********
2020-02-13 22:35:12,293 [main] INFO PMCS - ******** Login SuccessFully*********
2020-02-13 22:35:15,430 [main] INFO PMCS - ********closing browser********
2020-02-13 23:09:51,819 [main] INFO PMCS - ******** I am a chrome browser*********
2020-02-13 23:09:52,900 [main] INFO PMCS - ******** Opening URL*********
2020-02-13 23:09:54,759 [main] INFO PMCS - ******** Click on my account *********
2020-02-14 00:57:53,338 [main] INFO PMCS - ******** Providing user name details*********
2020-02-14 01:09:54,246 [main] INFO PMCS - ******** I am a chrome browser*********
2020-02-14 01:09:55,674 [main] INFO PMCS - ******** Opening URL*********
2020-02-14 15:06:12,100 [main] INFO PMCS - ******** I am a chrome browser*********
2020-02-14 15:06:13,427 [main] INFO PMCS - ******** Opening URL*********
2020-02-14 15:06:15,151 [main] INFO PMCS - ******** Providing login details*********
2020-02-14 15:06:15,447 [main] INFO PMCS - ******** started login*********
2020-02-14 15:06:28,545 [main] INFO PMCS - ******** Click on logout link*********
2020-02-14 15:06:32,394 [main] INFO PMCS - ******** Login Passed*********
2020-02-14 15:06:35,405 [main] INFO PMCS - ********closing browser********
2020-02-14 15:06:38,725 [main] INFO PMCS - ******** I am a chrome browser*********
2020-02-14 15:06:39,876 [main] INFO PMCS - ******** Opening URL*********
2020-02-14 15:06:42,195 [main] INFO PMCS - ******** Click on my account *********
2020-02-14 15:06:43,077 [main] INFO PMCS - ******** Providing user name details*********
2020-02-14 15:06:43,318 [main] INFO PMCS - ******** Providing user password details*********
2020-02-14 15:06:43,437 [main] INFO PMCS - ******** started login*********
2020-02-14 15:06:48,002 [main] INFO PMCS - ******** Login SuccessFully*********
2020-02-14 15:06:51,003 [main] INFO PMCS - ********closing browser********
2020-02-14 15:06:54,062 [main] INFO PMCS - ******** I am a chrome browser*********
2020-02-14 15:06:55,223 [main] INFO PMCS - ******** Opening URL*********
2020-02-14 15:06:57,140 [main] INFO PMCS - ******** Click on my account *********
2020-02-14 15:06:58,005 [main] INFO PMCS - ******** Providing user name details*********
2020-02-14 15:06:58,259 [main] INFO PMCS - ******** Providing user password details*********
2020-02-14 15:06:58,383 [main] INFO PMCS - ******** started login*********
2020-02-14 15:07:02,321 [main] INFO PMCS - ******** Login SuccessFully*********
2020-02-14 15:07:05,328 [main] INFO PMCS - ********closing browser********
2020-02-14 15:07:08,382 [main] INFO PMCS - ******** I am a chrome browser*********
2020-02-14 15:07:09,505 [main] INFO PMCS - ******** Opening URL*********
2020-02-14 15:07:11,841 [main] INFO PMCS - ******** Click on my account *********
2020-02-14 15:07:12,808 [main] INFO PMCS - ******** Providing user name details*********
2020-02-14 15:07:13,034 [main] INFO PMCS - ******** Providing user password details*********
2020-02-14 15:07:13,154 [main] INFO PMCS - ******** started login*********
2020-02-14 15:07:17,055 [main] INFO PMCS - ******** Login SuccessFully*********
2020-02-14 15:07:20,057 [main] INFO PMCS - ********closing browser********
2020-02-14 15:10:26,993 [main] INFO PMCS - ******** I am a chrome browser*********
2020-02-14 15:10:32,078 [main] INFO PMCS - ******** Opening URL*********
2020-02-14 15:10:32,696 [main] INFO PMCS - ******** Providing login details*********
2020-02-14 15:10:32,997 [main] INFO PMCS - ******** started login*********
2020-02-14 15:10:45,690 [main] INFO PMCS - ******** Click on logout link*********
2020-02-14 15:10:49,632 [main] INFO PMCS - ******** Login Passed*********
2020-02-14 15:10:52,711 [main] INFO PMCS - ********closing browser********
2020-02-14 15:10:52,967 [main] INFO PMCS - ******** I am a chrome browser*********
2020-02-14 15:10:57,196 [main] INFO PMCS - ******** Opening URL*********
2020-02-14 15:10:58,911 [main] INFO PMCS - ******** Click on my account *********
2020-02-14 15:10:59,851 [main] INFO PMCS - ******** Providing user name details*********
2020-02-14 15:11:00,035 [main] INFO PMCS - ******** Providing user password details*********
2020-02-14 15:11:00,141 [main] INFO PMCS - ******** started login*********
2020-02-14 15:11:04,205 [main] INFO PMCS - ******** Login SuccessFully*********
2020-02-14 15:11:07,256 [main] INFO PMCS - ********closing browser********
2020-02-14 15:11:07,377 [main] INFO PMCS - ******** I am a chrome browser*********
2020-02-14 15:11:11,717 [main] INFO PMCS - ******** Opening URL*********
2020-02-14 15:11:13,432 [main] INFO PMCS - ******** Click on my account *********
2020-02-14 15:11:14,320 [main] INFO PMCS - ******** Providing user name details*********
2020-02-14 15:11:14,519 [main] INFO PMCS - ******** Providing user password details*********
2020-02-14 15:11:14,626 [main] INFO PMCS - ******** started login*********
2020-02-14 15:11:18,575 [main] INFO PMCS - ******** Login SuccessFully*********
2020-02-14 15:11:21,641 [main] INFO PMCS - ********closing browser********
2020-02-14 15:11:21,758 [main] INFO PMCS - ******** I am a chrome browser*********
2020-02-14 15:11:26,379 [main] INFO PMCS - ******** Opening URL*********
2020-02-14 15:11:28,580 [main] INFO PMCS - ******** Click on my account *********
2020-02-14 15:11:29,520 [main] INFO PMCS - ******** Providing user name details*********
2020-02-14 15:11:29,724 [main] INFO PMCS - ******** Providing user password details*********
2020-02-14 15:11:29,825 [main] INFO PMCS - ******** started login*********
2020-02-14 15:11:33,890 [main] INFO PMCS - ******** Login SuccessFully*********
2020-02-14 15:11:36,964 [main] INFO PMCS - ********closing browser********
